Using pre-set license

 COMMAND LINE ARGUMENTS:
/Applications/Unity/Hub/Editor/2020.3.11f1/Unity.app/Contents/MacOS/Unity
-adb2
-batchMode
-noUpm
-name
AssetImportWorker0
-projectPath
/Users/mac568/Desktop/GAMERella-2D_ER/Simeowlation
-logFile
Logs/AssetImportWorker0.log
-srvPort
57857
Successfully changed project path to: /Users/mac568/Desktop/GAMERella-2D_ER/Simeowlation
/Users/mac568/Desktop/GAMERella-2D_ER/Simeowlation
Using Asset Import Pipeline V2.
Refreshing native plugins compatible for Editor in 57.52 ms, found 3 plugins.
Preloading 0 native plugins for Editor in 0.00 ms.
Initialize engine version: 2020.3.11f1 (99c7afb366b3)
[Subsystems] Discovering subsystems at path /Applications/Unity/Hub/Editor/2020.3.11f1/Unity.app/Contents/Resources/UnitySubsystems
[Subsystems] Discovering subsystems at path /Users/mac568/Desktop/GAMERella-2D_ER/Simeowlation/Assets
GfxDevice: creating device client; threaded=0
2021-07-10 12:28:30.638 Unity[79479:2771788] Color LCD preferred device: Intel(R) Iris(TM) Plus Graphics 645 (low power)
2021-07-10 12:28:30.638 Unity[79479:2771788] Metal devices available: 1
2021-07-10 12:28:30.638 Unity[79479:2771788] 0: Intel(R) Iris(TM) Plus Graphics 645 (low power)
2021-07-10 12:28:30.639 Unity[79479:2771788] Using device Intel(R) Iris(TM) Plus Graphics 645 (low power)
Initializing Metal device caps: Intel(R) Iris(TM) Plus Graphics 645
Initialize mono
Mono path[0] = '/Applications/Unity/Hub/Editor/2020.3.11f1/Unity.app/Contents/Managed'
Mono path[1] = '/Applications/Unity/Hub/Editor/2020.3.11f1/Unity.app/Contents/MonoBleedingEdge/lib/mono/unityjit'
Mono config path = '/Applications/Unity/Hub/Editor/2020.3.11f1/Unity.app/Contents/MonoBleedingEdge/etc'
Using monoOptions --debugger-agent=transport=dt_socket,embedding=1,server=y,suspend=n,address=127.0.0.1:56479
Begin MonoManager ReloadAssembly
Registering precompiled unity dll's ...
Register platform support module: /Applications/Unity/Hub/Editor/2020.3.11f1/PlaybackEngines/WebGLSupport/UnityEditor.WebGL.Extensions.dll
Register platform support module: /Applications/Unity/Hub/Editor/2020.3.11f1/Unity.app/Contents/PlaybackEngines/MacStandaloneSupport/UnityEditor.OSXStandalone.Extensions.dll
Registered in 0.003448 seconds.
Native extension for OSXStandalone target not found
Native extension for WebGL target not found
Refreshing native plugins compatible for Editor in 45.25 ms, found 3 plugins.
Preloading 0 native plugins for Editor in 0.00 ms.
Mono: successfully reloaded assembly
- Completed reload, in  1.524 seconds
Platform modules already initialized, skipping
Registering precompiled user dll's ...
Registered in 0.010644 seconds.
Begin MonoManager ReloadAssembly
Native extension for OSXStandalone target not found
Native extension for WebGL target not found
Refreshing native plugins compatible for Editor in 43.85 ms, found 3 plugins.
Preloading 0 native plugins for Editor in 0.00 ms.
Mono: successfully reloaded assembly
- Completed reload, in  1.413 seconds
Platform modules already initialized, skipping
========================================================================
Worker process is ready to serve import requests
Launching external process: /Applications/Unity/Hub/Editor/2020.3.11f1/Unity.app/Contents/Tools/UnityShaderCompiler
Launched and connected shader compiler UnityShaderCompiler after 0.01 seconds
Refreshing native plugins compatible for Editor in 0.57 ms, found 3 plugins.
Preloading 0 native plugins for Editor in 0.00 ms.
Unloading 2085 Unused Serialized files (Serialized files now loaded: 0)
System memory in use before: 168.0 MB.
System memory in use after: 167.9 MB.

Unloading 33 unused Assets to reduce memory usage. Loaded Objects now: 2518.
Total: 2.712750 ms (FindLiveObjects: 0.276628 ms CreateObjectMapping: 0.099345 ms MarkObjects: 2.187703 ms  DeleteObjects: 0.148118 ms)

========================================================================
Received Import Request.
  path: Assets/Animations/Cat-Animations/cat-iddle-Sheet.png
  artifactKey: Guid(db1c859f37a184c9d962a54e834791fd) Importer(815301076,1909f56bfc062723c751e8b465ee728b)
Start importing Assets/Animations/Cat-Animations/cat-iddle-Sheet.png using Guid(db1c859f37a184c9d962a54e834791fd) Importer(815301076,1909f56bfc062723c751e8b465ee728b)  -> (artifact id: '234348355d8f6a9dfc5a99ffa37841b0') in 0.564863 seconds
  Import took 0.568277 seconds .

========================================================================
Received Import Request.
  Time since last request: 0.000200 seconds.
  path: Assets/Animations/Cat-Animations/cat-sunglasses.png
  artifactKey: Guid(9bf970c709c924ad5922d88a5f524152) Importer(815301076,1909f56bfc062723c751e8b465ee728b)
Start importing Assets/Animations/Cat-Animations/cat-sunglasses.png using Guid(9bf970c709c924ad5922d88a5f524152) Importer(815301076,1909f56bfc062723c751e8b465ee728b)  -> (artifact id: '352b3dc428f8e472475a5f32eb166b0d') in 0.016995 seconds
  Import took 0.023138 seconds .

========================================================================
Received Import Request.
  Time since last request: 0.000382 seconds.
  path: Assets/Animations/Cat-Animations/cat-jumping.png
  artifactKey: Guid(cab9e6ecf8927422d8e15db756f95495) Importer(815301076,1909f56bfc062723c751e8b465ee728b)
Start importing Assets/Animations/Cat-Animations/cat-jumping.png using Guid(cab9e6ecf8927422d8e15db756f95495) Importer(815301076,1909f56bfc062723c751e8b465ee728b)  -> (artifact id: 'b2b5f1c1e378cdc102053e8054037473') in 0.026620 seconds
  Import took 0.030885 seconds .

========================================================================
Received Import Request.
  Time since last request: 0.000202 seconds.
  path: Assets/Animations/Cat-Animations/cat-endgame-Sheet.png
  artifactKey: Guid(26e9225045eb04609b2131b4cba519d8) Importer(815301076,1909f56bfc062723c751e8b465ee728b)
Start importing Assets/Animations/Cat-Animations/cat-endgame-Sheet.png using Guid(26e9225045eb04609b2131b4cba519d8) Importer(815301076,1909f56bfc062723c751e8b465ee728b)  -> (artifact id: 'acdb1a67713444244c57c24a51807592') in 0.032418 seconds
  Import took 0.037869 seconds .

========================================================================
Received Import Request.
  Time since last request: 0.000346 seconds.
  path: Assets/Animations/Cat-Animations/cat-jumping-victory.png
  artifactKey: Guid(0ee04ff7b6dd348609895dfc95e96e1e) Importer(815301076,1909f56bfc062723c751e8b465ee728b)
Start importing Assets/Animations/Cat-Animations/cat-jumping-victory.png using Guid(0ee04ff7b6dd348609895dfc95e96e1e) Importer(815301076,1909f56bfc062723c751e8b465ee728b)  -> (artifact id: 'b352825bc583a82837615722fb7a3382') in 0.017846 seconds
  Import took 0.024364 seconds .

========================================================================
Received Import Request.
  Time since last request: 0.000271 seconds.
  path: Assets/Animations/Cat-Animations/cat-iddle-Sheet-victory.png
  artifactKey: Guid(820e65c2e565b4893b0e3a72a0b85391) Importer(815301076,1909f56bfc062723c751e8b465ee728b)
Start importing Assets/Animations/Cat-Animations/cat-iddle-Sheet-victory.png using Guid(820e65c2e565b4893b0e3a72a0b85391) Importer(815301076,1909f56bfc062723c751e8b465ee728b)  -> (artifact id: '9ff39a9124c7f254d2347a4d22f4c88c') in 0.015706 seconds
  Import took 0.020413 seconds .

========================================================================
Received Import Request.
  Time since last request: 0.000312 seconds.
  path: Assets/Animations/Cat-Animations/cat-runnin-fullg-Sheet-victory.png
  artifactKey: Guid(c44a6001c366744268bfb11f4390e1ea) Importer(815301076,1909f56bfc062723c751e8b465ee728b)
Start importing Assets/Animations/Cat-Animations/cat-runnin-fullg-Sheet-victory.png using Guid(c44a6001c366744268bfb11f4390e1ea) Importer(815301076,1909f56bfc062723c751e8b465ee728b)  -> (artifact id: '55b14227b4c01ef1b43a85f92f618ca6') in 0.013517 seconds
  Import took 0.018447 seconds .

========================================================================
Received Import Request.
  Time since last request: 0.000272 seconds.
  path: Assets/Animations/Cat-Animations
  artifactKey: Guid(ef13797205dad450d8576cd08d649041) Importer(815301076,1909f56bfc062723c751e8b465ee728b)
Start importing Assets/Animations/Cat-Animations using Guid(ef13797205dad450d8576cd08d649041) Importer(815301076,1909f56bfc062723c751e8b465ee728b)  -> (artifact id: '20e2042ca6b21b7777914da592b33260') in 0.001020 seconds
  Import took 0.005290 seconds .

========================================================================
Received Import Request.
  Time since last request: 0.000262 seconds.
  path: Assets/Animations/Cat-Animations/cat-runnin-fullg-Sheet.png
  artifactKey: Guid(b5697456ad24d4a05be151f0ce913e5c) Importer(815301076,1909f56bfc062723c751e8b465ee728b)
Start importing Assets/Animations/Cat-Animations/cat-runnin-fullg-Sheet.png using Guid(b5697456ad24d4a05be151f0ce913e5c) Importer(815301076,1909f56bfc062723c751e8b465ee728b)  -> (artifact id: '46b01eae4d9ae6422df295707ce2a81c') in 0.011447 seconds
  Import took 0.016327 seconds .

========================================================================
Received Import Request.
  Time since last request: 1531.016284 seconds.
  path: Assets/Animations/Cat-Animations/cat-endgame-Sheet.png
  artifactKey: Guid(26e9225045eb04609b2131b4cba519d8) Importer(815301076,1909f56bfc062723c751e8b465ee728b)
Start importing Assets/Animations/Cat-Animations/cat-endgame-Sheet.png using Guid(26e9225045eb04609b2131b4cba519d8) Importer(815301076,1909f56bfc062723c751e8b465ee728b)  -> (artifact id: 'fc90aebcd83ce2ae03031da3ae7d1071') in 0.061471 seconds
  Import took 0.127509 seconds .

========================================================================
Received Import Request.
  Time since last request: 120.702900 seconds.
  path: Assets/Animations/Cat-Animations/cat-endgame-Sheet.png
  artifactKey: Guid(26e9225045eb04609b2131b4cba519d8) Importer(815301076,1909f56bfc062723c751e8b465ee728b)
Start importing Assets/Animations/Cat-Animations/cat-endgame-Sheet.png using Guid(26e9225045eb04609b2131b4cba519d8) Importer(815301076,1909f56bfc062723c751e8b465ee728b)  -> (artifact id: '87514212c72d2ded276ade96db3e8f11') in 0.050784 seconds
  Import took 0.060456 seconds .

========================================================================
Received Import Request.
  Time since last request: 208.982598 seconds.
  path: Assets/Animations/Cat-Animations/cat-iddle-Sheet-victory.png
  artifactKey: Guid(820e65c2e565b4893b0e3a72a0b85391) Importer(815301076,1909f56bfc062723c751e8b465ee728b)
Start importing Assets/Animations/Cat-Animations/cat-iddle-Sheet-victory.png using Guid(820e65c2e565b4893b0e3a72a0b85391) Importer(815301076,1909f56bfc062723c751e8b465ee728b)  -> (artifact id: 'ce0e7760457163969aefef2c609639ba') in 0.029020 seconds
  Import took 0.038787 seconds .

========================================================================
Received Import Request.
  Time since last request: 102.692536 seconds.
  path: Assets/Animations/Cat-Animations/cat-iddle-Sheet-victory.png
  artifactKey: Guid(820e65c2e565b4893b0e3a72a0b85391) Importer(815301076,1909f56bfc062723c751e8b465ee728b)
Start importing Assets/Animations/Cat-Animations/cat-iddle-Sheet-victory.png using Guid(820e65c2e565b4893b0e3a72a0b85391) Importer(815301076,1909f56bfc062723c751e8b465ee728b)  -> (artifact id: '053c55277f51e20ab00ae9b99e5a037d') in 0.034237 seconds
  Import took 0.042375 seconds .

========================================================================
Received Import Request.
  Time since last request: 23.859983 seconds.
  path: Assets/Animations/Cat-Animations/cat-iddle-Sheet.png
  artifactKey: Guid(db1c859f37a184c9d962a54e834791fd) Importer(815301076,1909f56bfc062723c751e8b465ee728b)
Start importing Assets/Animations/Cat-Animations/cat-iddle-Sheet.png using Guid(db1c859f37a184c9d962a54e834791fd) Importer(815301076,1909f56bfc062723c751e8b465ee728b)  -> (artifact id: 'e78e89fbe67f63d832e42407918b7358') in 0.012477 seconds
  Import took 0.019785 seconds .

========================================================================
Received Import Request.
  Time since last request: 83.080499 seconds.
  path: Assets/Animations/Cat-Animations/cat-iddle-Sheet.png
  artifactKey: Guid(db1c859f37a184c9d962a54e834791fd) Importer(815301076,1909f56bfc062723c751e8b465ee728b)
Start importing Assets/Animations/Cat-Animations/cat-iddle-Sheet.png using Guid(db1c859f37a184c9d962a54e834791fd) Importer(815301076,1909f56bfc062723c751e8b465ee728b)  -> (artifact id: '644b721d4a1a1ffb8b37d04143096963') in 0.082082 seconds
  Import took 0.090972 seconds .

========================================================================
Received Import Request.
  Time since last request: 10.784449 seconds.
  path: Assets/Animations/Cat-Animations/cat-jumping-victory.png
  artifactKey: Guid(0ee04ff7b6dd348609895dfc95e96e1e) Importer(815301076,1909f56bfc062723c751e8b465ee728b)
Start importing Assets/Animations/Cat-Animations/cat-jumping-victory.png using Guid(0ee04ff7b6dd348609895dfc95e96e1e) Importer(815301076,1909f56bfc062723c751e8b465ee728b)  -> (artifact id: 'df43840ea0a7672f352d19e20753826a') in 0.010587 seconds
  Import took 0.016089 seconds .

========================================================================
Received Import Request.
  Time since last request: 18.172895 seconds.
  path: Assets/Animations/Cat-Animations/cat-jumping-victory.png
  artifactKey: Guid(0ee04ff7b6dd348609895dfc95e96e1e) Importer(815301076,1909f56bfc062723c751e8b465ee728b)
Start importing Assets/Animations/Cat-Animations/cat-jumping-victory.png using Guid(0ee04ff7b6dd348609895dfc95e96e1e) Importer(815301076,1909f56bfc062723c751e8b465ee728b)  -> (artifact id: 'cd67415758fd22d54165c9f5a06e187a') in 0.010003 seconds
  Import took 0.016700 seconds .

========================================================================
Received Import Request.
  Time since last request: 43.456543 seconds.
  path: Assets/Animations/Cat-Animations/cat-jumping-victory.png
  artifactKey: Guid(0ee04ff7b6dd348609895dfc95e96e1e) Importer(815301076,1909f56bfc062723c751e8b465ee728b)
Start importing Assets/Animations/Cat-Animations/cat-jumping-victory.png using Guid(0ee04ff7b6dd348609895dfc95e96e1e) Importer(815301076,1909f56bfc062723c751e8b465ee728b)  -> (artifact id: '24831ee6c9b1483ee6ed23516be13db7') in 0.101666 seconds
  Import took 0.107037 seconds .

========================================================================
Received Import Request.
  Time since last request: 21.228741 seconds.
  path: Assets/Animations/Cat-Animations/cat-jumping.png
  artifactKey: Guid(cab9e6ecf8927422d8e15db756f95495) Importer(815301076,1909f56bfc062723c751e8b465ee728b)
Start importing Assets/Animations/Cat-Animations/cat-jumping.png using Guid(cab9e6ecf8927422d8e15db756f95495) Importer(815301076,1909f56bfc062723c751e8b465ee728b)  -> (artifact id: 'f01880e73233cb636fd32486a6677b8b') in 0.011010 seconds
  Import took 0.016611 seconds .

========================================================================
Received Import Request.
  Time since last request: 6.069617 seconds.
  path: Assets/Animations/Cat-Animations/cat-jumping-victory.png
  artifactKey: Guid(0ee04ff7b6dd348609895dfc95e96e1e) Importer(815301076,1909f56bfc062723c751e8b465ee728b)
Start importing Assets/Animations/Cat-Animations/cat-jumping-victory.png using Guid(0ee04ff7b6dd348609895dfc95e96e1e) Importer(815301076,1909f56bfc062723c751e8b465ee728b)  -> (artifact id: 'e5b700738aada5917747314996a31d84') in 0.012487 seconds
  Import took 0.020060 seconds .

========================================================================
Received Import Request.
  Time since last request: 32.406561 seconds.
  path: Assets/Animations/Cat-Animations/cat-runnin-fullg-Sheet-victory.png
  artifactKey: Guid(c44a6001c366744268bfb11f4390e1ea) Importer(815301076,1909f56bfc062723c751e8b465ee728b)
Start importing Assets/Animations/Cat-Animations/cat-runnin-fullg-Sheet-victory.png using Guid(c44a6001c366744268bfb11f4390e1ea) Importer(815301076,1909f56bfc062723c751e8b465ee728b)  -> (artifact id: '3cbd555eb71530b7cead1606933b3eaa') in 0.012869 seconds
  Import took 0.021424 seconds .

========================================================================
Received Import Request.
  Time since last request: 89.409777 seconds.
  path: Assets/Animations/Cat-Animations/cat-runnin-fullg-Sheet-victory.png
  artifactKey: Guid(c44a6001c366744268bfb11f4390e1ea) Importer(815301076,1909f56bfc062723c751e8b465ee728b)
Start importing Assets/Animations/Cat-Animations/cat-runnin-fullg-Sheet-victory.png using Guid(c44a6001c366744268bfb11f4390e1ea) Importer(815301076,1909f56bfc062723c751e8b465ee728b)  -> (artifact id: 'f0067f4d3a8e95da4cf7557522d91c9e') in 0.059075 seconds
  Import took 0.066726 seconds .

========================================================================
Received Import Request.
  Time since last request: 18.049315 seconds.
  path: Assets/Animations/Cat-Animations/cat-runnin-fullg-Sheet.png
  artifactKey: Guid(b5697456ad24d4a05be151f0ce913e5c) Importer(815301076,1909f56bfc062723c751e8b465ee728b)
Start importing Assets/Animations/Cat-Animations/cat-runnin-fullg-Sheet.png using Guid(b5697456ad24d4a05be151f0ce913e5c) Importer(815301076,1909f56bfc062723c751e8b465ee728b)  -> (artifact id: 'c21f1a756833ca8b6d91164027adf5fa') in 0.012158 seconds
  Import took 0.019118 seconds .

========================================================================
Received Import Request.
  Time since last request: 85.509660 seconds.
  path: Assets/Animations/Cat-Animations/cat-runnin-fullg-Sheet.png
  artifactKey: Guid(b5697456ad24d4a05be151f0ce913e5c) Importer(815301076,1909f56bfc062723c751e8b465ee728b)
Start importing Assets/Animations/Cat-Animations/cat-runnin-fullg-Sheet.png using Guid(b5697456ad24d4a05be151f0ce913e5c) Importer(815301076,1909f56bfc062723c751e8b465ee728b)  -> (artifact id: '0678871eb741e34ef9a33508c49246be') in 0.052922 seconds
  Import took 0.062964 seconds .

========================================================================
Received Import Request.
  Time since last request: 74.132569 seconds.
  path: Assets/Animations/Cat-Animations/cat-jumping.png
  artifactKey: Guid(cab9e6ecf8927422d8e15db756f95495) Importer(815301076,1909f56bfc062723c751e8b465ee728b)
Start importing Assets/Animations/Cat-Animations/cat-jumping.png using Guid(cab9e6ecf8927422d8e15db756f95495) Importer(815301076,1909f56bfc062723c751e8b465ee728b)  -> (artifact id: '14364e1c01867d5bc51c86b90310370c') in 0.013771 seconds
  Import took 0.023371 seconds .

========================================================================
Received Import Request.
  Time since last request: 23.644485 seconds.
  path: Assets/Animations/Cat-Animations/cat-sunglasses.png
  artifactKey: Guid(9bf970c709c924ad5922d88a5f524152) Importer(815301076,1909f56bfc062723c751e8b465ee728b)
Start importing Assets/Animations/Cat-Animations/cat-sunglasses.png using Guid(9bf970c709c924ad5922d88a5f524152) Importer(815301076,1909f56bfc062723c751e8b465ee728b)  -> (artifact id: '05b79b17007ca0615ecf7514849e2e8b') in 0.009213 seconds
  Import took 0.015915 seconds .

========================================================================
Received Import Request.
  Time since last request: 19.274239 seconds.
  path: Assets/Animations/Cat-Animations/cat-sunglasses.png
  artifactKey: Guid(9bf970c709c924ad5922d88a5f524152) Importer(815301076,1909f56bfc062723c751e8b465ee728b)
Start importing Assets/Animations/Cat-Animations/cat-sunglasses.png using Guid(9bf970c709c924ad5922d88a5f524152) Importer(815301076,1909f56bfc062723c751e8b465ee728b)  -> (artifact id: '0f78edd5975ad99a22df0fab737b34b1') in 0.013100 seconds
  Import took 0.022728 seconds .

========================================================================
Received Prepare
Registering precompiled user dll's ...
Registered in 0.008617 seconds.
Begin MonoManager ReloadAssembly
Native extension for OSXStandalone target not found
Native extension for WebGL target not found
Refreshing native plugins compatible for Editor in 0.56 ms, found 3 plugins.
Preloading 0 native plugins for Editor in 0.00 ms.
Mono: successfully reloaded assembly
- Completed reload, in  1.385 seconds
Platform modules already initialized, skipping
Refreshing native plugins compatible for Editor in 0.63 ms, found 3 plugins.
Preloading 0 native plugins for Editor in 0.00 ms.
Unloading 2080 Unused Serialized files (Serialized files now loaded: 0)
System memory in use before: 176.0 MB.
System memory in use after: 176.0 MB.

Unloading 21 unused Assets to reduce memory usage. Loaded Objects now: 2550.
Total: 2.768855 ms (FindLiveObjects: 0.256385 ms CreateObjectMapping: 0.076273 ms MarkObjects: 2.327737 ms  DeleteObjects: 0.107252 ms)

========================================================================
Received Import Request.
  Time since last request: 275.526701 seconds.
  path: Assets/Materials/Slip.physicsMaterial2D
  artifactKey: Guid(595653a358d5a43939bdd81a91b8ff44) Importer(815301076,1909f56bfc062723c751e8b465ee728b)
Start importing Assets/Materials/Slip.physicsMaterial2D using Guid(595653a358d5a43939bdd81a91b8ff44) Importer(815301076,1909f56bfc062723c751e8b465ee728b)  -> (artifact id: 'e10cb1eb6d40068ed941ef822a6a4399') in 0.552866 seconds
  Import took 0.564237 seconds .

========================================================================
Received Prepare
Registering precompiled user dll's ...
Registered in 0.010853 seconds.
Begin MonoManager ReloadAssembly
Native extension for OSXStandalone target not found
Native extension for WebGL target not found
Refreshing native plugins compatible for Editor in 0.67 ms, found 3 plugins.
Preloading 0 native plugins for Editor in 0.00 ms.
Mono: successfully reloaded assembly
- Completed reload, in  1.412 seconds
Platform modules already initialized, skipping
Refreshing native plugins compatible for Editor in 0.61 ms, found 3 plugins.
Preloading 0 native plugins for Editor in 0.00 ms.
Unloading 2080 Unused Serialized files (Serialized files now loaded: 0)
System memory in use before: 180.5 MB.
System memory in use after: 180.5 MB.

Unloading 21 unused Assets to reduce memory usage. Loaded Objects now: 2554.
Total: 3.098704 ms (FindLiveObjects: 0.333629 ms CreateObjectMapping: 0.132550 ms MarkObjects: 2.497924 ms  DeleteObjects: 0.133334 ms)

========================================================================
Received Import Request.
  Time since last request: 184.914213 seconds.
  path: Assets/notreal.png
  artifactKey: Guid(38da437560287400f9d1a307ea163af1) Importer(815301076,1909f56bfc062723c751e8b465ee728b)
Start importing Assets/notreal.png using Guid(38da437560287400f9d1a307ea163af1) Importer(815301076,1909f56bfc062723c751e8b465ee728b)  -> (artifact id: '3149a83644ec9214ad0e1193b344fd5a') in 0.079892 seconds
  Import took 0.087628 seconds .

========================================================================
Received Import Request.
  Time since last request: 38.406164 seconds.
  path: Assets/notreal.png
  artifactKey: Guid(38da437560287400f9d1a307ea163af1) Importer(815301076,1909f56bfc062723c751e8b465ee728b)
Start importing Assets/notreal.png using Guid(38da437560287400f9d1a307ea163af1) Importer(815301076,1909f56bfc062723c751e8b465ee728b)  -> (artifact id: '607a10e121f45d46ced7646f35f3a6ac') in 0.009850 seconds
  Import took 0.016995 seconds .

========================================================================
Received Import Request.
  Time since last request: 31.596107 seconds.
  path: Assets/notreal.png
  artifactKey: Guid(38da437560287400f9d1a307ea163af1) Importer(815301076,1909f56bfc062723c751e8b465ee728b)
Start importing Assets/notreal.png using Guid(38da437560287400f9d1a307ea163af1) Importer(815301076,1909f56bfc062723c751e8b465ee728b)  -> (artifact id: '16faca6daf522abb1f337736998c638e') in 0.013913 seconds
  Import took 0.020625 seconds .

========================================================================
Received Prepare
Registering precompiled user dll's ...
Registered in 0.005165 seconds.
Begin MonoManager ReloadAssembly
Native extension for OSXStandalone target not found
Native extension for WebGL target not found
Refreshing native plugins compatible for Editor in 0.62 ms, found 3 plugins.
Preloading 0 native plugins for Editor in 0.00 ms.
Mono: successfully reloaded assembly
- Completed reload, in  1.350 seconds
Platform modules already initialized, skipping
Refreshing native plugins compatible for Editor in 0.55 ms, found 3 plugins.
Preloading 0 native plugins for Editor in 0.00 ms.
Unloading 2080 Unused Serialized files (Serialized files now loaded: 0)
System memory in use before: 180.8 MB.
System memory in use after: 180.7 MB.

Unloading 21 unused Assets to reduce memory usage. Loaded Objects now: 2561.
Total: 2.846888 ms (FindLiveObjects: 0.318174 ms CreateObjectMapping: 0.105309 ms MarkObjects: 2.291454 ms  DeleteObjects: 0.130784 ms)

========================================================================
Received Prepare
Registering precompiled user dll's ...
Registered in 0.011712 seconds.
Begin MonoManager ReloadAssembly
Native extension for OSXStandalone target not found
Native extension for WebGL target not found
Refreshing native plugins compatible for Editor in 0.52 ms, found 3 plugins.
Preloading 0 native plugins for Editor in 0.00 ms.
Mono: successfully reloaded assembly
- Completed reload, in  1.297 seconds
Platform modules already initialized, skipping
Refreshing native plugins compatible for Editor in 0.67 ms, found 3 plugins.
Preloading 0 native plugins for Editor in 0.00 ms.
Unloading 2080 Unused Serialized files (Serialized files now loaded: 0)
System memory in use before: 180.9 MB.
System memory in use after: 180.9 MB.

Unloading 21 unused Assets to reduce memory usage. Loaded Objects now: 2565.
Total: 2.539861 ms (FindLiveObjects: 0.285783 ms CreateObjectMapping: 0.091884 ms MarkObjects: 2.049463 ms  DeleteObjects: 0.111563 ms)

========================================================================
Received Import Request.
  Time since last request: 504.186324 seconds.
  path: Assets/Prefabs/notreal_0.prefab
  artifactKey: Guid(649a8e1530a7843269cc271c24f0bc22) Importer(815301076,1909f56bfc062723c751e8b465ee728b)
Start importing Assets/Prefabs/notreal_0.prefab using Guid(649a8e1530a7843269cc271c24f0bc22) Importer(815301076,1909f56bfc062723c751e8b465ee728b)  -> (artifact id: '5732d5f226c09f4d3bba2daf615a5f55') in 0.289874 seconds
  Import took 0.296152 seconds .

========================================================================
Received Prepare
Registering precompiled user dll's ...
Registered in 0.005401 seconds.
Begin MonoManager ReloadAssembly
Native extension for OSXStandalone target not found
Native extension for WebGL target not found
Refreshing native plugins compatible for Editor in 0.67 ms, found 3 plugins.
Preloading 0 native plugins for Editor in 0.00 ms.
Mono: successfully reloaded assembly
- Completed reload, in  1.236 seconds
Platform modules already initialized, skipping
Refreshing native plugins compatible for Editor in 0.59 ms, found 3 plugins.
Preloading 0 native plugins for Editor in 0.00 ms.
Unloading 2080 Unused Serialized files (Serialized files now loaded: 0)
System memory in use before: 185.5 MB.
System memory in use after: 185.5 MB.

Unloading 21 unused Assets to reduce memory usage. Loaded Objects now: 2573.
Total: 2.596546 ms (FindLiveObjects: 0.249125 ms CreateObjectMapping: 0.108507 ms MarkObjects: 2.082338 ms  DeleteObjects: 0.155306 ms)

========================================================================
Received Prepare
Registering precompiled user dll's ...
Registered in 0.002044 seconds.
Begin MonoManager ReloadAssembly
Native extension for OSXStandalone target not found
Native extension for WebGL target not found
Refreshing native plugins compatible for Editor in 0.57 ms, found 3 plugins.
Preloading 0 native plugins for Editor in 0.00 ms.
Mono: successfully reloaded assembly
- Completed reload, in  1.217 seconds
Platform modules already initialized, skipping
Refreshing native plugins compatible for Editor in 0.62 ms, found 3 plugins.
Preloading 0 native plugins for Editor in 0.00 ms.
Unloading 2080 Unused Serialized files (Serialized files now loaded: 0)
System memory in use before: 185.7 MB.
System memory in use after: 185.7 MB.

Unloading 21 unused Assets to reduce memory usage. Loaded Objects now: 2577.
Total: 2.470297 ms (FindLiveObjects: 0.245168 ms CreateObjectMapping: 0.070364 ms MarkObjects: 2.027520 ms  DeleteObjects: 0.126281 ms)

========================================================================
Received Prepare
Registering precompiled user dll's ...
Registered in 0.010878 seconds.
Begin MonoManager ReloadAssembly
Native extension for OSXStandalone target not found
Native extension for WebGL target not found
Refreshing native plugins compatible for Editor in 0.55 ms, found 3 plugins.
Preloading 0 native plugins for Editor in 0.00 ms.
Mono: successfully reloaded assembly
- Completed reload, in  1.333 seconds
Platform modules already initialized, skipping
Refreshing native plugins compatible for Editor in 1.12 ms, found 3 plugins.
Preloading 0 native plugins for Editor in 0.00 ms.
Unloading 2080 Unused Serialized files (Serialized files now loaded: 0)
System memory in use before: 185.9 MB.
System memory in use after: 185.9 MB.

Unloading 21 unused Assets to reduce memory usage. Loaded Objects now: 2581.
Total: 3.536478 ms (FindLiveObjects: 0.450954 ms CreateObjectMapping: 0.179816 ms MarkObjects: 2.776959 ms  DeleteObjects: 0.127445 ms)

========================================================================
Received Prepare
Registering precompiled user dll's ...
Registered in 0.010389 seconds.
Begin MonoManager ReloadAssembly
Native extension for OSXStandalone target not found
Native extension for WebGL target not found
Refreshing native plugins compatible for Editor in 0.55 ms, found 3 plugins.
Preloading 0 native plugins for Editor in 0.00 ms.
Mono: successfully reloaded assembly
- Completed reload, in  1.393 seconds
Platform modules already initialized, skipping
Refreshing native plugins compatible for Editor in 0.54 ms, found 3 plugins.
Preloading 0 native plugins for Editor in 0.00 ms.
Unloading 2080 Unused Serialized files (Serialized files now loaded: 0)
System memory in use before: 186.1 MB.
System memory in use after: 186.1 MB.

Unloading 21 unused Assets to reduce memory usage. Loaded Objects now: 2585.
Total: 2.806914 ms (FindLiveObjects: 0.291852 ms CreateObjectMapping: 0.078755 ms MarkObjects: 2.304691 ms  DeleteObjects: 0.130103 ms)

========================================================================
Received Prepare
Registering precompiled user dll's ...
Registered in 0.009504 seconds.
Begin MonoManager ReloadAssembly
Native extension for OSXStandalone target not found
Native extension for WebGL target not found
Refreshing native plugins compatible for Editor in 0.55 ms, found 3 plugins.
Preloading 0 native plugins for Editor in 0.00 ms.
Mono: successfully reloaded assembly
- Completed reload, in  1.326 seconds
Platform modules already initialized, skipping
Refreshing native plugins compatible for Editor in 0.77 ms, found 3 plugins.
Preloading 0 native plugins for Editor in 0.00 ms.
Unloading 2080 Unused Serialized files (Serialized files now loaded: 0)
System memory in use before: 186.3 MB.
System memory in use after: 186.3 MB.

Unloading 21 unused Assets to reduce memory usage. Loaded Objects now: 2589.
Total: 2.272963 ms (FindLiveObjects: 0.223543 ms CreateObjectMapping: 0.078457 ms MarkObjects: 1.860185 ms  DeleteObjects: 0.109963 ms)

========================================================================
Received Prepare
Registering precompiled user dll's ...
Registered in 0.009781 seconds.
Begin MonoManager ReloadAssembly
Native extension for OSXStandalone target not found
Native extension for WebGL target not found
Refreshing native plugins compatible for Editor in 0.54 ms, found 3 plugins.
Preloading 0 native plugins for Editor in 0.00 ms.
Mono: successfully reloaded assembly
- Completed reload, in  1.219 seconds
Platform modules already initialized, skipping
Refreshing native plugins compatible for Editor in 0.71 ms, found 3 plugins.
Preloading 0 native plugins for Editor in 0.00 ms.
Unloading 2080 Unused Serialized files (Serialized files now loaded: 0)
System memory in use before: 186.5 MB.
System memory in use after: 186.5 MB.

Unloading 21 unused Assets to reduce memory usage. Loaded Objects now: 2593.
Total: 2.698652 ms (FindLiveObjects: 0.259838 ms CreateObjectMapping: 0.078927 ms MarkObjects: 2.241994 ms  DeleteObjects: 0.116818 ms)

========================================================================
Received Prepare
Registering precompiled user dll's ...
Registered in 0.005751 seconds.
Begin MonoManager ReloadAssembly
Native extension for OSXStandalone target not found
Native extension for WebGL target not found
Refreshing native plugins compatible for Editor in 0.59 ms, found 3 plugins.
Preloading 0 native plugins for Editor in 0.00 ms.
Mono: successfully reloaded assembly
- Completed reload, in  1.384 seconds
Platform modules already initialized, skipping
Refreshing native plugins compatible for Editor in 0.74 ms, found 3 plugins.
Preloading 0 native plugins for Editor in 0.00 ms.
Unloading 2080 Unused Serialized files (Serialized files now loaded: 0)
System memory in use before: 186.7 MB.
System memory in use after: 186.7 MB.

Unloading 21 unused Assets to reduce memory usage. Loaded Objects now: 2597.
Total: 3.531513 ms (FindLiveObjects: 0.515488 ms CreateObjectMapping: 0.172184 ms MarkObjects: 2.676363 ms  DeleteObjects: 0.165493 ms)

========================================================================
Received Prepare
Registering precompiled user dll's ...
Registered in 0.008799 seconds.
Begin MonoManager ReloadAssembly
Native extension for OSXStandalone target not found
Native extension for WebGL target not found
Refreshing native plugins compatible for Editor in 0.56 ms, found 3 plugins.
Preloading 0 native plugins for Editor in 0.00 ms.
Mono: successfully reloaded assembly
- Completed reload, in  1.329 seconds
Platform modules already initialized, skipping
Refreshing native plugins compatible for Editor in 0.52 ms, found 3 plugins.
Preloading 0 native plugins for Editor in 0.00 ms.
Unloading 2080 Unused Serialized files (Serialized files now loaded: 0)
System memory in use before: 186.9 MB.
System memory in use after: 186.9 MB.

Unloading 21 unused Assets to reduce memory usage. Loaded Objects now: 2601.
Total: 2.521807 ms (FindLiveObjects: 0.246896 ms CreateObjectMapping: 0.093419 ms MarkObjects: 2.057631 ms  DeleteObjects: 0.122688 ms)

========================================================================
Received Prepare
Registering precompiled user dll's ...
Registered in 0.013622 seconds.
Begin MonoManager ReloadAssembly
Native extension for OSXStandalone target not found
Native extension for WebGL target not found
Refreshing native plugins compatible for Editor in 0.60 ms, found 3 plugins.
Preloading 0 native plugins for Editor in 0.00 ms.
Mono: successfully reloaded assembly
- Completed reload, in  1.438 seconds
Platform modules already initialized, skipping
Refreshing native plugins compatible for Editor in 1.02 ms, found 3 plugins.
Preloading 0 native plugins for Editor in 0.00 ms.
Unloading 2080 Unused Serialized files (Serialized files now loaded: 0)
System memory in use before: 187.1 MB.
System memory in use after: 187.1 MB.

Unloading 21 unused Assets to reduce memory usage. Loaded Objects now: 2605.
Total: 3.190748 ms (FindLiveObjects: 0.453737 ms CreateObjectMapping: 0.097392 ms MarkObjects: 2.493242 ms  DeleteObjects: 0.145009 ms)

========================================================================
Received Prepare
Registering precompiled user dll's ...
Registered in 0.008326 seconds.
Begin MonoManager ReloadAssembly
Native extension for OSXStandalone target not found
Native extension for WebGL target not found
Refreshing native plugins compatible for Editor in 0.63 ms, found 3 plugins.
Preloading 0 native plugins for Editor in 0.00 ms.
Mono: successfully reloaded assembly
- Completed reload, in  1.255 seconds
Platform modules already initialized, skipping
Refreshing native plugins compatible for Editor in 0.78 ms, found 3 plugins.
Preloading 0 native plugins for Editor in 0.00 ms.
Unloading 2080 Unused Serialized files (Serialized files now loaded: 0)
System memory in use before: 187.3 MB.
System memory in use after: 187.3 MB.

Unloading 21 unused Assets to reduce memory usage. Loaded Objects now: 2609.
Total: 2.925507 ms (FindLiveObjects: 0.291854 ms CreateObjectMapping: 0.096268 ms MarkObjects: 2.409931 ms  DeleteObjects: 0.126308 ms)

========================================================================
Received Prepare
Registering precompiled user dll's ...
Registered in 0.009291 seconds.
Begin MonoManager ReloadAssembly
Native extension for OSXStandalone target not found
Native extension for WebGL target not found
Refreshing native plugins compatible for Editor in 0.61 ms, found 3 plugins.
Preloading 0 native plugins for Editor in 0.00 ms.
Mono: successfully reloaded assembly
- Completed reload, in  1.299 seconds
Platform modules already initialized, skipping
Refreshing native plugins compatible for Editor in 0.66 ms, found 3 plugins.
Preloading 0 native plugins for Editor in 0.00 ms.
Unloading 2080 Unused Serialized files (Serialized files now loaded: 0)
System memory in use before: 187.5 MB.
System memory in use after: 187.5 MB.

Unloading 21 unused Assets to reduce memory usage. Loaded Objects now: 2613.
Total: 2.696577 ms (FindLiveObjects: 0.294962 ms CreateObjectMapping: 0.090746 ms MarkObjects: 2.175129 ms  DeleteObjects: 0.134327 ms)

